#
# A fatal error has been detected by the Java Runtime Environment:
#
#  EXCEPTION_ACCESS_VIOLATION (0xc0000005) at pc=0x0000000023d56020, pid=12108, tid=10420
#
# JRE version: Java(TM) SE Runtime Environment (8.0_65-b17) (build 1.8.0_65-b17)
# Java VM: Java HotSpot(TM) 64-Bit Server VM (25.65-b01 mixed mode windows-amd64 compressed oops)
# Problematic frame:
# C  [libtesseract-3.dll+0x56020]
#
# Failed to write core dump. Minidumps are not enabled by default on client versions of Windows
#
# If you would like to submit a bug report, please visit:
#   http://bugreport.java.com/bugreport/crash.jsp
# The crash happened outside the Java Virtual Machine in native code.
# See problematic frame for where to report the bug.
#

---------------  T H R E A D  ---------------

Current thread (0x0000000020347800):  JavaThread "http-nio-8080-exec-1" daemon [_thread_in_native, id=10420, stack(0x00000000228e0000,0x00000000229e0000)]

siginfo: ExceptionCode=0xc0000005, reading address 0x000000001b53c000

Registers:
RAX=0x000000001b53c002, RBX=0x000000001b53b8a0, RCX=0x0000000000000000, RDX=0x0000000024311417
RSP=0x00000000229dc8c0, RBP=0x0000000000000280, RSI=0x0000000024311414, RDI=0x00000000283d7090
R8 =0x0000000024311440, R9 =0x0000000000000119, R10=0x00000000000005a0, R11=0x0000000000000a00
R12=0x00000000000001e0, R13=0x0000000000000018, R14=0x00000000000005a0, R15=0x000000001b4d8c00
RIP=0x0000000023d56020, EFLAGS=0x0000000000010206

Top of Stack: (sp=0x00000000229dc8c0)
0x00000000229dc8c0:   000000001b4d8c00 0000000023d0515d
0x00000000229dc8d0:   0000000000000000 0000000070291cb0
0x00000000229dc8e0:   0000000020347800 00000000283d7f40
0x00000000229dc8f0:   00000000203479f8 0000000000fceee0
0x00000000229dc900:   00000000229dca88 0000000000000280
0x00000000229dc910:   00000000000001e0 0000000000000003
0x00000000229dc920:   00000000000005a0 0000000070291d5c
0x00000000229dc930:   0000000000000280 0000000000fceee0
0x00000000229dc940:   00000000000001e0 0000000000000003
0x00000000229dc950:   0000000000000003 00000000000005a0
0x00000000229dc960:   000000001f4d86a0 000000001f4d86a0
0x00000000229dc970:   0000000000200021 00000000029777d0
0x00000000229dc980:   00000000229dca48 0000000000000000
0x00000000229dc990:   000000001f4d8698 00000000229dca90
0x00000000229dc9a0:   0000000020347800 000000000298dfcc
0x00000000229dc9b0:   00000000229dcee8 00000000229dca48 

Instructions: (pc=0x0000000023d56020)
0x0000000023d56000:   00 85 ed 7e 40 4e 8d 04 1e 48 89 d8 0f 1f 40 00
0x0000000023d56010:   0f b6 08 48 89 f2 48 83 c0 03 48 83 f2 03 88 0a
0x0000000023d56020:   0f b6 48 fe 48 8d 56 01 48 83 f2 03 88 0a 0f b6
0x0000000023d56030:   48 ff 48 8d 56 02 48 83 c6 04 48 83 f2 03 4c 39 


Register to memory mapping:

RAX=0x000000001b53c002 is an unknown value
RBX=0x000000001b53b8a0 is an unknown value
RCX=0x0000000000000000 is an unknown value
RDX=0x0000000024311417 is an unknown value
RSP=0x00000000229dc8c0 is pointing into the stack for thread: 0x0000000020347800
RBP=0x0000000000000280 is an unknown value
RSI=0x0000000024311414 is an unknown value
RDI=0x00000000283d7090 is an unknown value
R8 =0x0000000024311440 is an unknown value
R9 =0x0000000000000119 is an unknown value
R10=0x00000000000005a0 is an unknown value
R11=0x0000000000000a00 is an unknown value
R12=0x00000000000001e0 is an unknown value
R13=0x0000000000000018 is an unknown value
R14=0x00000000000005a0 is an unknown value
R15=0x000000001b4d8c00 is an unknown value


Stack: [0x00000000228e0000,0x00000000229e0000],  sp=0x00000000229dc8c0,  free space=1010k
Native frames: (J=compiled Java code, j=interpreted, Vv=VM code, C=native code)
C  [libtesseract-3.dll+0x56020]
C  [jnitesseract.dll+0x11d5c]
C  0x000000000298dfcc

Java frames: (J=compiled Java code, j=interpreted, Vv=VM code)
j  org.bytedeco.javacpp.tesseract$TessBaseAPI.SetImage([BIIII)V+0
j  com.ocr.UploadCtrlr.getTextFromImage([BIIII)Ljava/lang/String;+33
j  com.ocr.UploadCtrlr.asdf(Ljava/awt/image/BufferedImage;)V+91
j  com.ocr.UploadCtrlr.convertToGreyScale(Ljava/io/InputStream;)V+156
j  com.ocr.UploadCtrlr.postImage(Lorg/springframework/web/multipart/MultipartFile;)Ljava/lang/String;+7
v  ~StubRoutines::call_stub
J 1355  sun.reflect.NativeMethodAccessorImpl.invoke0(Ljava/lang/reflect/Method;Ljava/lang/Object;[Ljava/lang/Object;)Ljava/lang/Object; (0 bytes) @ 0x0000000002e5727f [0x0000000002e57200+0x7f]
J 1354 C1 sun.reflect.NativeMethodAccessorImpl.invoke(Ljava/lang/Object;[Ljava/lang/Object;)Ljava/lang/Object; (104 bytes) @ 0x0000000002e588e4 [0x0000000002e57700+0x11e4]
J 1060 C1 sun.reflect.DelegatingMethodAccessorImpl.invoke(Ljava/lang/Object;[Ljava/lang/Object;)Ljava/lang/Object; (10 bytes) @ 0x0000000002d32b24 [0x0000000002d32a00+0x124]
J 1059 C1 java.lang.reflect.Method.invoke(Ljava/lang/Object;[Ljava/lang/Object;)Ljava/lang/Object; (62 bytes) @ 0x0000000002d32514 [0x0000000002d32100+0x414]
j  org.springframework.web.method.support.InvocableHandlerMethod.doInvoke([Ljava/lang/Object;)Ljava/lang/Object;+16
j  org.springframework.web.method.support.InvocableHandlerMethod.invokeForRequest(Lorg/springframework/web/context/request/NativeWebRequest;Lorg/springframework/web/method/support/ModelAndViewContainer;[Ljava/lang/Object;)Ljava/lang/Object;+75
j  org.springframework.web.servlet.mvc.method.annotation.ServletInvocableHandlerMethod.invokeAndHandle(Lorg/springframework/web/context/request/ServletWebRequest;Lorg/springframework/web/method/support/ModelAndViewContainer;[Ljava/lang/Object;)V+4
j  org.springframework.web.servlet.mvc.method.annotation.RequestMappingHandlerAdapter.invokeHandlerMethod(Ljavax/servlet/http/HttpServletRequest;Ljavax/servlet/http/HttpServletResponse;Lorg/springframework/web/method/HandlerMethod;)Lorg/springframework/web/servlet/ModelAndView;+262
j  org.springframework.web.servlet.mvc.method.annotation.RequestMappingHandlerAdapter.handleInternal(Ljavax/servlet/http/HttpServletRequest;Ljavax/servlet/http/HttpServletResponse;Lorg/springframework/web/method/HandlerMethod;)Lorg/springframework/web/servlet/ModelAndView;+81
j  org.springframework.web.servlet.mvc.method.AbstractHandlerMethodAdapter.handle(Ljavax/servlet/http/HttpServletRequest;Ljavax/servlet/http/HttpServletResponse;Ljava/lang/Object;)Lorg/springframework/web/servlet/ModelAndView;+7
j  org.springframework.web.servlet.DispatcherServlet.doDispatch(Ljavax/servlet/http/HttpServletRequest;Ljavax/servlet/http/HttpServletResponse;)V+318
j  org.springframework.web.servlet.DispatcherServlet.doService(Ljavax/servlet/http/HttpServletRequest;Ljavax/servlet/http/HttpServletResponse;)V+301
j  org.springframework.web.servlet.FrameworkServlet.processRequest(Ljavax/servlet/http/HttpServletRequest;Ljavax/servlet/http/HttpServletResponse;)V+71
j  org.springframework.web.servlet.FrameworkServlet.doPost(Ljavax/servlet/http/HttpServletRequest;Ljavax/servlet/http/HttpServletResponse;)V+3
j  javax.servlet.http.HttpServlet.service(Ljavax/servlet/http/HttpServletRequest;Ljavax/servlet/http/HttpServletResponse;)V+149
j  org.springframework.web.servlet.FrameworkServlet.service(Ljavax/servlet/http/HttpServletRequest;Ljavax/servlet/http/HttpServletResponse;)V+33
j  javax.servlet.http.HttpServlet.service(Ljavax/servlet/ServletRequest;Ljavax/servlet/ServletResponse;)V+30
j  org.apache.catalina.core.ApplicationFilterChain.internalDoFilter(Ljavax/servlet/ServletRequest;Ljavax/servlet/ServletResponse;)V+304
j  org.apache.catalina.core.ApplicationFilterChain.doFilter(Ljavax/servlet/ServletRequest;Ljavax/servlet/ServletResponse;)V+101
j  org.apache.tomcat.websocket.server.WsFilter.doFilter(Ljavax/servlet/ServletRequest;Ljavax/servlet/ServletResponse;Ljavax/servlet/FilterChain;)V+21
j  org.apache.catalina.core.ApplicationFilterChain.internalDoFilter(Ljavax/servlet/ServletRequest;Ljavax/servlet/ServletResponse;)V+135
j  org.apache.catalina.core.ApplicationFilterChain.doFilter(Ljavax/servlet/ServletRequest;Ljavax/servlet/ServletResponse;)V+101
j  org.springframework.web.filter.RequestContextFilter.doFilterInternal(Ljavax/servlet/http/HttpServletRequest;Ljavax/servlet/http/HttpServletResponse;Ljavax/servlet/FilterChain;)V+21
j  org.springframework.web.filter.OncePerRequestFilter.doFilter(Ljavax/servlet/ServletRequest;Ljavax/servlet/ServletResponse;Ljavax/servlet/FilterChain;)V+111
j  org.apache.catalina.core.ApplicationFilterChain.internalDoFilter(Ljavax/servlet/ServletRequest;Ljavax/servlet/ServletResponse;)V+135
j  org.apache.catalina.core.ApplicationFilterChain.doFilter(Ljavax/servlet/ServletRequest;Ljavax/servlet/ServletResponse;)V+101
j  org.springframework.web.filter.HttpPutFormContentFilter.doFilterInternal(Ljavax/servlet/http/HttpServletRequest;Ljavax/servlet/http/HttpServletResponse;Ljavax/servlet/FilterChain;)V+87
j  org.springframework.web.filter.OncePerRequestFilter.doFilter(Ljavax/servlet/ServletRequest;Ljavax/servlet/ServletResponse;Ljavax/servlet/FilterChain;)V+111
j  org.apache.catalina.core.ApplicationFilterChain.internalDoFilter(Ljavax/servlet/ServletRequest;Ljavax/servlet/ServletResponse;)V+135
j  org.apache.catalina.core.ApplicationFilterChain.doFilter(Ljavax/servlet/ServletRequest;Ljavax/servlet/ServletResponse;)V+101
j  org.springframework.web.filter.HiddenHttpMethodFilter.doFilterInternal(Ljavax/servlet/http/HttpServletRequest;Ljavax/servlet/http/HttpServletResponse;Ljavax/servlet/FilterChain;)V+71
j  org.springframework.web.filter.OncePerRequestFilter.doFilter(Ljavax/servlet/ServletRequest;Ljavax/servlet/ServletResponse;Ljavax/servlet/FilterChain;)V+111
j  org.apache.catalina.core.ApplicationFilterChain.internalDoFilter(Ljavax/servlet/ServletRequest;Ljavax/servlet/ServletResponse;)V+135
j  org.apache.catalina.core.ApplicationFilterChain.doFilter(Ljavax/servlet/ServletRequest;Ljavax/servlet/ServletResponse;)V+101
j  org.springframework.web.filter.CharacterEncodingFilter.doFilterInternal(Ljavax/servlet/http/HttpServletRequest;Ljavax/servlet/http/HttpServletResponse;Ljavax/servlet/FilterChain;)V+53
j  org.springframework.web.filter.OncePerRequestFilter.doFilter(Ljavax/servlet/ServletRequest;Ljavax/servlet/ServletResponse;Ljavax/servlet/FilterChain;)V+111
j  org.apache.catalina.core.ApplicationFilterChain.internalDoFilter(Ljavax/servlet/ServletRequest;Ljavax/servlet/ServletResponse;)V+135
j  org.apache.catalina.core.ApplicationFilterChain.doFilter(Ljavax/servlet/ServletRequest;Ljavax/servlet/ServletResponse;)V+101
j  org.apache.catalina.core.StandardWrapperValve.invoke(Lorg/apache/catalina/connector/Request;Lorg/apache/catalina/connector/Response;)V+688
j  org.apache.catalina.core.StandardContextValve.invoke(Lorg/apache/catalina/connector/Request;Lorg/apache/catalina/connector/Response;)V+166
j  org.apache.catalina.authenticator.AuthenticatorBase.invoke(Lorg/apache/catalina/connector/Request;Lorg/apache/catalina/connector/Response;)V+275
j  org.apache.catalina.core.StandardHostValve.invoke(Lorg/apache/catalina/connector/Request;Lorg/apache/catalina/connector/Response;)V+135
j  org.apache.catalina.valves.ErrorReportValve.invoke(Lorg/apache/catalina/connector/Request;Lorg/apache/catalina/connector/Response;)V+6
j  org.apache.catalina.core.StandardEngineValve.invoke(Lorg/apache/catalina/connector/Request;Lorg/apache/catalina/connector/Response;)V+71
j  org.apache.catalina.connector.CoyoteAdapter.service(Lorg/apache/coyote/Request;Lorg/apache/coyote/Response;)V+199
j  org.apache.coyote.http11.Http11Processor.service(Lorg/apache/tomcat/util/net/SocketWrapperBase;)Lorg/apache/tomcat/util/net/AbstractEndpoint$Handler$SocketState;+806
j  org.apache.coyote.AbstractProcessorLight.process(Lorg/apache/tomcat/util/net/SocketWrapperBase;Lorg/apache/tomcat/util/net/SocketEvent;)Lorg/apache/tomcat/util/net/AbstractEndpoint$Handler$SocketState;+106
j  org.apache.coyote.AbstractProtocol$ConnectionHandler.process(Lorg/apache/tomcat/util/net/SocketWrapperBase;Lorg/apache/tomcat/util/net/SocketEvent;)Lorg/apache/tomcat/util/net/AbstractEndpoint$Handler$SocketState;+295
j  org.apache.tomcat.util.net.NioEndpoint$SocketProcessor.doRun()V+191
j  org.apache.tomcat.util.net.SocketProcessorBase.run()V+21
j  java.util.concurrent.ThreadPoolExecutor.runWorker(Ljava/util/concurrent/ThreadPoolExecutor$Worker;)V+95
j  java.util.concurrent.ThreadPoolExecutor$Worker.run()V+5
j  org.apache.tomcat.util.threads.TaskThread$WrappingRunnable.run()V+4
j  java.lang.Thread.run()V+11
v  ~StubRoutines::call_stub

---------------  P R O C E S S  ---------------

Java Threads: ( => current thread )
  0x000000001d618800 JavaThread "Java2D Disposer" daemon [_thread_blocked, id=11064, stack(0x0000000023c00000,0x0000000023d00000)]
=>0x0000000020347800 JavaThread "http-nio-8080-exec-1" daemon [_thread_in_native, id=10420, stack(0x00000000228e0000,0x00000000229e0000)]
  0x0000000002875000 JavaThread "DestroyJavaVM" [_thread_blocked, id=11296, stack(0x00000000026f0000,0x00000000027f0000)]
  0x0000000020b18800 JavaThread "http-nio-8080-AsyncTimeout" daemon [_thread_blocked, id=11968, stack(0x00000000227e0000,0x00000000228e0000)]
  0x0000000020c3f800 JavaThread "http-nio-8080-Acceptor-0" daemon [_thread_in_native, id=13280, stack(0x00000000226e0000,0x00000000227e0000)]
  0x00000000206e9000 JavaThread "http-nio-8080-ClientPoller-1" daemon [_thread_in_native, id=11624, stack(0x00000000225e0000,0x00000000226e0000)]
  0x00000000217d6800 JavaThread "http-nio-8080-ClientPoller-0" daemon [_thread_in_native, id=1364, stack(0x00000000224e0000,0x00000000225e0000)]
  0x000000001d6ae800 JavaThread "NioBlockingSelector.BlockPoller-1" daemon [_thread_in_native, id=11676, stack(0x00000000223e0000,0x00000000224e0000)]
  0x000000002122d800 JavaThread "container-0" [_thread_blocked, id=5028, stack(0x0000000022120000,0x0000000022220000)]
  0x000000001f1e8800 JavaThread "ContainerBackgroundProcessor[StandardEngine[Tomcat]]" daemon [_thread_blocked, id=2972, stack(0x0000000022020000,0x0000000022120000)]
  0x0000000019ab2800 JavaThread "Service Thread" daemon [_thread_blocked, id=5096, stack(0x000000001a6c0000,0x000000001a7c0000)]
  0x0000000019a29000 JavaThread "C1 CompilerThread3" daemon [_thread_blocked, id=12580, stack(0x000000001a5c0000,0x000000001a6c0000)]
  0x0000000019a1e000 JavaThread "C2 CompilerThread2" daemon [_thread_blocked, id=7748, stack(0x000000001a4c0000,0x000000001a5c0000)]
  0x0000000019a1d000 JavaThread "C2 CompilerThread1" daemon [_thread_blocked, id=1368, stack(0x000000001a3c0000,0x000000001a4c0000)]
  0x0000000019a24000 JavaThread "C2 CompilerThread0" daemon [_thread_blocked, id=8736, stack(0x000000001a2c0000,0x000000001a3c0000)]
  0x0000000019a07000 JavaThread "JDWP Command Reader" daemon [_thread_in_native, id=7816, stack(0x000000001a1c0000,0x000000001a2c0000)]
  0x0000000019a03800 JavaThread "JDWP Event Helper Thread" daemon [_thread_blocked, id=13096, stack(0x000000001a0c0000,0x000000001a1c0000)]
  0x0000000019a01800 JavaThread "JDWP Transport Listener: dt_socket" daemon [_thread_blocked, id=13308, stack(0x0000000019fc0000,0x000000001a0c0000)]
  0x00000000199ed000 JavaThread "Attach Listener" daemon [_thread_blocked, id=10376, stack(0x0000000019ec0000,0x0000000019fc0000)]
  0x00000000199eb800 JavaThread "Signal Dispatcher" daemon [_thread_blocked, id=8524, stack(0x0000000019dc0000,0x0000000019ec0000)]
  0x000000000296e000 JavaThread "Finalizer" daemon [_thread_blocked, id=11404, stack(0x00000000197d0000,0x00000000198d0000)]
  0x0000000002967800 JavaThread "Reference Handler" daemon [_thread_blocked, id=2836, stack(0x00000000196d0000,0x00000000197d0000)]

Other Threads:
  0x00000000178ea800 VMThread [stack: 0x00000000195d0000,0x00000000196d0000] [id=1040]
  0x0000000019ad9800 WatcherThread [stack: 0x000000001a7c0000,0x000000001a8c0000] [id=9400]

VM state:not at safepoint (normal execution)

VM Mutex/Monitor currently owned by a thread: None

Heap:
 PSYoungGen      total 140288K, used 97795K [0x00000000d5f00000, 0x00000000e0100000, 0x0000000100000000)
  eden space 130048K, 67% used [0x00000000d5f00000,0x00000000db50afd0,0x00000000dde00000)
  from space 10240K, 94% used [0x00000000dde00000,0x00000000de775ee0,0x00000000de800000)
  to   space 11264K, 0% used [0x00000000df600000,0x00000000df600000,0x00000000e0100000)
 ParOldGen       total 66560K, used 11553K [0x0000000081c00000, 0x0000000085d00000, 0x00000000d5f00000)
  object space 66560K, 17% used [0x0000000081c00000,0x00000000827486e8,0x0000000085d00000)
 Metaspace       used 33998K, capacity 34342K, committed 34688K, reserved 1079296K
  class space    used 4029K, capacity 4130K, committed 4224K, reserved 1048576K

Card table byte_map: [0x0000000011d30000,0x0000000012130000] byte_map_base: 0x0000000011922000

Marking Bits: (ParMarkBitMap*) 0x000000005fdca5b0
 Begin Bits: [0x0000000012be0000, 0x0000000014b70000)
 End Bits:   [0x0000000014b70000, 0x0000000016b00000)

Polling page: 0x0000000000f10000

CodeCache: size=245760Kb used=12946Kb max_used=14138Kb free=232813Kb
 bounds [0x0000000002970000, 0x0000000003760000, 0x0000000011970000]
 total_blobs=3840 nmethods=3164 adapters=595
 compilation: enabled

Compilation events (10 events):
Event: 15.846 Thread 0x0000000019a29000 nmethod 3572 0x0000000002bd06d0 code [0x0000000002bd0820, 0x0000000002bd0970]
Event: 15.849 Thread 0x0000000019a1e000 3573       4       java.util.LinkedList::indexOf (73 bytes)
Event: 15.849 Thread 0x0000000019a24000 nmethod 3566 0x0000000002b4ed10 code [0x0000000002b4ee60, 0x0000000002b4f418]
Event: 15.850 Thread 0x0000000019a1e000 nmethod 3573 0x0000000002b8f010 code [0x0000000002b8f160, 0x0000000002b8f358]
Event: 15.855 Thread 0x0000000019a29000 3574   !   3       com.sun.proxy.$Proxy61::value (29 bytes)
Event: 15.856 Thread 0x0000000019a29000 nmethod 3574 0x0000000002d1fad0 code [0x0000000002d1fc60, 0x0000000002d200f8]
Event: 15.856 Thread 0x0000000019a29000 3575   !   3       com.sun.proxy.$Proxy61::not (29 bytes)
Event: 15.856 Thread 0x0000000019a29000 nmethod 3575 0x00000000032624d0 code [0x0000000003262660, 0x0000000003262af8]
Event: 15.862 Thread 0x0000000019a29000 3576   !   3       com.sun.proxy.$Proxy61::link (29 bytes)
Event: 15.862 Thread 0x0000000019a29000 nmethod 3576 0x0000000002b216d0 code [0x0000000002b21860, 0x0000000002b21cf8]

GC Heap History (10 events):
Event: 1.306 GC heap before
{Heap before GC invocations=4 (full 0):
 PSYoungGen      total 38400K, used 38372K [0x00000000d5f00000, 0x00000000daa00000, 0x0000000100000000)
  eden space 33280K, 100% used [0x00000000d5f00000,0x00000000d7f80000,0x00000000d7f80000)
  from space 5120K, 99% used [0x00000000d7f80000,0x00000000d8479060,0x00000000d8480000)
  to   space 5120K, 0% used [0x00000000da500000,0x00000000da500000,0x00000000daa00000)
 ParOldGen       total 87552K, used 7099K [0x0000000081c00000, 0x0000000087180000, 0x00000000d5f00000)
  object space 87552K, 8% used [0x0000000081c00000,0x00000000822eece0,0x0000000087180000)
 Metaspace       used 19112K, capacity 19392K, committed 19584K, reserved 1067008K
  class space    used 2320K, capacity 2411K, committed 2432K, reserved 1048576K
Event: 1.311 GC heap after
Heap after GC invocations=4 (full 0):
 PSYoungGen      total 71680K, used 5104K [0x00000000d5f00000, 0x00000000daa00000, 0x0000000100000000)
  eden space 66560K, 0% used [0x00000000d5f00000,0x00000000d5f00000,0x00000000da000000)
  from space 5120K, 99% used [0x00000000da500000,0x00000000da9fc030,0x00000000daa00000)
  to   space 5120K, 0% used [0x00000000da000000,0x00000000da000000,0x00000000da500000)
 ParOldGen       total 87552K, used 8878K [0x0000000081c00000, 0x0000000087180000, 0x00000000d5f00000)
  object space 87552K, 10% used [0x0000000081c00000,0x00000000824ab840,0x0000000087180000)
 Metaspace       used 19112K, capacity 19392K, committed 19584K, reserved 1067008K
  class space    used 2320K, capacity 2411K, committed 2432K, reserved 1048576K
}
Event: 1.734 GC heap before
{Heap before GC invocations=5 (full 0):
 PSYoungGen      total 71680K, used 70420K [0x00000000d5f00000, 0x00000000daa00000, 0x0000000100000000)
  eden space 66560K, 98% used [0x00000000d5f00000,0x00000000d9ec9040,0x00000000da000000)
  from space 5120K, 99% used [0x00000000da500000,0x00000000da9fc030,0x00000000daa00000)
  to   space 5120K, 0% used [0x00000000da000000,0x00000000da000000,0x00000000da500000)
 ParOldGen       total 87552K, used 8878K [0x0000000081c00000, 0x0000000087180000, 0x00000000d5f00000)
  object space 87552K, 10% used [0x0000000081c00000,0x00000000824ab840,0x0000000087180000)
 Metaspace       used 20827K, capacity 21056K, committed 21296K, reserved 1069056K
  class space    used 2560K, capacity 2639K, committed 2688K, reserved 1048576K
Event: 1.739 GC heap after
Heap after GC invocations=5 (full 0):
 PSYoungGen      total 71680K, used 5088K [0x00000000d5f00000, 0x00000000df600000, 0x0000000100000000)
  eden space 66560K, 0% used [0x00000000d5f00000,0x00000000d5f00000,0x00000000da000000)
  from space 5120K, 99% used [0x00000000da000000,0x00000000da4f8020,0x00000000da500000)
  to   space 10752K, 0% used [0x00000000deb80000,0x00000000deb80000,0x00000000df600000)
 ParOldGen       total 87552K, used 12064K [0x0000000081c00000, 0x0000000087180000, 0x00000000d5f00000)
  object space 87552K, 13% used [0x0000000081c00000,0x00000000827c8270,0x0000000087180000)
 Metaspace       used 20827K, capacity 21056K, committed 21296K, reserved 1069056K
  class space    used 2560K, capacity 2639K, committed 2688K, reserved 1048576K
}
Event: 1.739 GC heap before
{Heap before GC invocations=6 (full 1):
 PSYoungGen      total 71680K, used 5088K [0x00000000d5f00000, 0x00000000df600000, 0x0000000100000000)
  eden space 66560K, 0% used [0x00000000d5f00000,0x00000000d5f00000,0x00000000da000000)
  from space 5120K, 99% used [0x00000000da000000,0x00000000da4f8020,0x00000000da500000)
  to   space 10752K, 0% used [0x00000000deb80000,0x00000000deb80000,0x00000000df600000)
 ParOldGen       total 87552K, used 12064K [0x0000000081c00000, 0x0000000087180000, 0x00000000d5f00000)
  object space 87552K, 13% used [0x0000000081c00000,0x00000000827c8270,0x0000000087180000)
 Metaspace       used 20827K, capacity 21056K, committed 21296K, reserved 1069056K
  class space    used 2560K, capacity 2639K, committed 2688K, reserved 1048576K
Event: 1.765 GC heap after
Heap after GC invocations=6 (full 1):
 PSYoungGen      total 71680K, used 0K [0x00000000d5f00000, 0x00000000df600000, 0x0000000100000000)
  eden space 66560K, 0% used [0x00000000d5f00000,0x00000000d5f00000,0x00000000da000000)
  from space 5120K, 0% used [0x00000000da000000,0x00000000da000000,0x00000000da500000)
  to   space 10752K, 0% used [0x00000000deb80000,0x00000000deb80000,0x00000000df600000)
 ParOldGen       total 66560K, used 11537K [0x0000000081c00000, 0x0000000085d00000, 0x00000000d5f00000)
  object space 66560K, 17% used [0x0000000081c00000,0x00000000827446e8,0x0000000085d00000)
 Metaspace       used 20827K, capacity 21056K, committed 21296K, reserved 1069056K
  class space    used 2560K, capacity 2639K, committed 2688K, reserved 1048576K
}
Event: 2.479 GC heap before
{Heap before GC invocations=7 (full 1):
 PSYoungGen      total 71680K, used 66560K [0x00000000d5f00000, 0x00000000df600000, 0x0000000100000000)
  eden space 66560K, 100% used [0x00000000d5f00000,0x00000000da000000,0x00000000da000000)
  from space 5120K, 0% used [0x00000000da000000,0x00000000da000000,0x00000000da500000)
  to   space 10752K, 0% used [0x00000000deb80000,0x00000000deb80000,0x00000000df600000)
 ParOldGen       total 66560K, used 11537K [0x0000000081c00000, 0x0000000085d00000, 0x00000000d5f00000)
  object space 66560K, 17% used [0x0000000081c00000,0x00000000827446e8,0x0000000085d00000)
 Metaspace       used 25892K, capacity 26168K, committed 26624K, reserved 1073152K
  class space    used 3161K, capacity 3251K, committed 3328K, reserved 1048576K
Event: 2.485 GC heap after
Heap after GC invocations=7 (full 1):
 PSYoungGen      total 105472K, used 6515K [0x00000000d5f00000, 0x00000000df200000, 0x0000000100000000)
  eden space 98816K, 0% used [0x00000000d5f00000,0x00000000d5f00000,0x00000000dbf80000)
  from space 6656K, 97% used [0x00000000deb80000,0x00000000df1dce70,0x00000000df200000)
  to   space 10240K, 0% used [0x00000000dde00000,0x00000000dde00000,0x00000000de800000)
 ParOldGen       total 66560K, used 11545K [0x0000000081c00000, 0x0000000085d00000, 0x00000000d5f00000)
  object space 66560K, 17% used [0x0000000081c00000,0x00000000827466e8,0x0000000085d00000)
 Metaspace       used 25892K, capacity 26168K, committed 26624K, reserved 1073152K
  class space    used 3161K, capacity 3251K, committed 3328K, reserved 1048576K
}
Event: 3.363 GC heap before
{Heap before GC invocations=8 (full 1):
 PSYoungGen      total 105472K, used 105331K [0x00000000d5f00000, 0x00000000df200000, 0x0000000100000000)
  eden space 98816K, 100% used [0x00000000d5f00000,0x00000000dbf80000,0x00000000dbf80000)
  from space 6656K, 97% used [0x00000000deb80000,0x00000000df1dce70,0x00000000df200000)
  to   space 10240K, 0% used [0x00000000dde00000,0x00000000dde00000,0x00000000de800000)
 ParOldGen       total 66560K, used 11545K [0x0000000081c00000, 0x0000000085d00000, 0x00000000d5f00000)
  object space 66560K, 17% used [0x0000000081c00000,0x00000000827466e8,0x0000000085d00000)
 Metaspace       used 28691K, capacity 29016K, committed 29568K, reserved 1075200K
  class space    used 3512K, capacity 3613K, committed 3712K, reserved 1048576K
Event: 3.369 GC heap after
Heap after GC invocations=8 (full 1):
 PSYoungGen      total 140288K, used 9687K [0x00000000d5f00000, 0x00000000e0100000, 0x0000000100000000)
  eden space 130048K, 0% used [0x00000000d5f00000,0x00000000d5f00000,0x00000000dde00000)
  from space 10240K, 94% used [0x00000000dde00000,0x00000000de775ee0,0x00000000de800000)
  to   space 11264K, 0% used [0x00000000df600000,0x00000000df600000,0x00000000e0100000)
 ParOldGen       total 66560K, used 11553K [0x0000000081c00000, 0x0000000085d00000, 0x00000000d5f00000)
  object space 66560K, 17% used [0x0000000081c00000,0x00000000827486e8,0x0000000085d00000)
 Metaspace       used 28691K, capacity 29016K, committed 29568K, reserved 1075200K
  class space    used 3512K, capacity 3613K, committed 3712K, reserved 1048576K
}

Deoptimization events (10 events):
Event: 13.568 Thread 0x0000000020347800 Uncommon trap: reason=class_check action=maybe_recompile pc=0x0000000002e98444 method=java.util.regex.Pattern$CharProperty$1.isSatisfiedBy(I)Z @ 5
Event: 13.568 Thread 0x0000000020347800 Uncommon trap: reason=class_check action=maybe_recompile pc=0x0000000002e98444 method=java.util.regex.Pattern$CharProperty$1.isSatisfiedBy(I)Z @ 5
Event: 13.569 Thread 0x0000000020347800 Uncommon trap: reason=unstable_if action=reinterpret pc=0x0000000002e78b80 method=java.util.regex.Pattern$BmpCharProperty.match(Ljava/util/regex/Matcher;ILjava/lang/CharSequence;)Z @ 5
Event: 13.571 Thread 0x0000000020347800 Uncommon trap: reason=null_check action=make_not_entrant pc=0x00000000036e49e8 method=org.springframework.core.annotation.AnnotatedElementUtils.searchWithFindSemantics(Ljava/lang/reflect/AnnotatedElement;Ljava/lang/Class;Ljava/lang/String;Ljava/lang/Class;
Event: 13.577 Thread 0x0000000020347800 Uncommon trap: reason=unstable_if action=reinterpret pc=0x0000000003404fc0 method=java.util.concurrent.ConcurrentHashMap.get(Ljava/lang/Object;)Ljava/lang/Object; @ 76
Event: 13.577 Thread 0x0000000020347800 Uncommon trap: reason=bimorphic action=maybe_recompile pc=0x00000000035a13a4 method=java.util.concurrent.ConcurrentHashMap.putVal(Ljava/lang/Object;Ljava/lang/Object;Z)Ljava/lang/Object; @ 192
Event: 13.578 Thread 0x0000000020347800 Uncommon trap: reason=class_check action=maybe_recompile pc=0x0000000002b75a60 method=java.lang.String.equals(Ljava/lang/Object;)Z @ 8
Event: 13.829 Thread 0x0000000020347800 Uncommon trap: reason=unstable_if action=reinterpret pc=0x000000000371480c method=java.awt.image.IndexColorModel.getDataElements(ILjava/lang/Object;)Ljava/lang/Object; @ 70
Event: 13.868 Thread 0x0000000020347800 Uncommon trap: reason=unstable_if action=reinterpret pc=0x00000000037233b8 method=com.ocr.UploadCtrlr.convertToGreyScale(Ljava/io/InputStream;)V @ 28
Event: 13.919 Thread 0x0000000020347800 Uncommon trap: reason=null_check action=make_not_entrant pc=0x0000000002f6349c method=sun.awt.image.BytePackedRaster.getDataElements(IIIILjava/lang/Object;)Ljava/lang/Object; @ 8

Internal exceptions (10 events):
Event: 15.844 Thread 0x0000000020347800 Exception <a 'java/lang/UnsatisfiedLinkError'> (0x00000000db2dc2c8) thrown at [C:\workspace\8-2-build-windows-amd64-cygwin\jdk8u65\4987\hotspot\src\share\vm\prims\jvm.cpp, line 3969]
Event: 15.844 Thread 0x0000000020347800 Exception <a 'java/lang/UnsatisfiedLinkError'> (0x00000000db2dc2c8) thrown at [C:\workspace\8-2-build-windows-amd64-cygwin\jdk8u65\4987\hotspot\src\share\vm\prims\jni.cpp, line 709]
Event: 15.850 Thread 0x0000000020347800 Exception <a 'java/lang/UnsatisfiedLinkError'> (0x00000000db34e220) thrown at [C:\workspace\8-2-build-windows-amd64-cygwin\jdk8u65\4987\hotspot\src\share\vm\prims\jvm.cpp, line 3969]
Event: 15.850 Thread 0x0000000020347800 Exception <a 'java/lang/UnsatisfiedLinkError'> (0x00000000db34e220) thrown at [C:\workspace\8-2-build-windows-amd64-cygwin\jdk8u65\4987\hotspot\src\share\vm\prims\jni.cpp, line 709]
Event: 15.857 Thread 0x0000000020347800 Exception <a 'java/lang/UnsatisfiedLinkError'> (0x00000000db3bd930) thrown at [C:\workspace\8-2-build-windows-amd64-cygwin\jdk8u65\4987\hotspot\src\share\vm\prims\jvm.cpp, line 3969]
Event: 15.857 Thread 0x0000000020347800 Exception <a 'java/lang/UnsatisfiedLinkError'> (0x00000000db3bd930) thrown at [C:\workspace\8-2-build-windows-amd64-cygwin\jdk8u65\4987\hotspot\src\share\vm\prims\jni.cpp, line 709]
Event: 15.863 Thread 0x0000000020347800 Exception <a 'java/lang/UnsatisfiedLinkError'> (0x00000000db42d230) thrown at [C:\workspace\8-2-build-windows-amd64-cygwin\jdk8u65\4987\hotspot\src\share\vm\prims\jvm.cpp, line 3969]
Event: 15.863 Thread 0x0000000020347800 Exception <a 'java/lang/UnsatisfiedLinkError'> (0x00000000db42d230) thrown at [C:\workspace\8-2-build-windows-amd64-cygwin\jdk8u65\4987\hotspot\src\share\vm\prims\jni.cpp, line 709]
Event: 15.869 Thread 0x0000000020347800 Exception <a 'java/lang/UnsatisfiedLinkError'> (0x00000000db4983c0) thrown at [C:\workspace\8-2-build-windows-amd64-cygwin\jdk8u65\4987\hotspot\src\share\vm\prims\jvm.cpp, line 3969]
Event: 15.869 Thread 0x0000000020347800 Exception <a 'java/lang/UnsatisfiedLinkError'> (0x00000000db4983c0) thrown at [C:\workspace\8-2-build-windows-amd64-cygwin\jdk8u65\4987\hotspot\src\share\vm\prims\jni.cpp, line 709]

Events (10 events):
Event: 15.869 Thread 0x0000000020347800 DEOPT PACKING pc=0x0000000002b31604 sp=0x00000000229dc100
Event: 15.869 Thread 0x0000000020347800 DEOPT UNPACKING pc=0x00000000029b787f sp=0x00000000229dbfd8 mode 1
Event: 15.872 Thread 0x0000000020347800 DEOPT PACKING pc=0x0000000002b31604 sp=0x00000000229dc100
Event: 15.872 Thread 0x0000000020347800 DEOPT UNPACKING pc=0x00000000029b787f sp=0x00000000229dbfd8 mode 1
Event: 15.874 Thread 0x0000000020347800 DEOPT PACKING pc=0x0000000002b31604 sp=0x00000000229dc100
Event: 15.874 Thread 0x0000000020347800 DEOPT UNPACKING pc=0x00000000029b787f sp=0x00000000229dbfd8 mode 1
Event: 15.874 loading class org/bytedeco/javacpp/Pointer$NativeDeallocator
Event: 15.874 loading class org/bytedeco/javacpp/Pointer$NativeDeallocator done
Event: 15.874 loading class org/bytedeco/javacpp/Pointer$DeallocatorReference
Event: 15.874 loading class org/bytedeco/javacpp/Pointer$DeallocatorReference done


Dynamic libraries:
0x00007ff674360000 - 0x00007ff674397000 	D:\jdk8\bin\java.exe
0x00007ffc439c0000 - 0x00007ffc43b91000 	C:\WINDOWS\SYSTEM32\ntdll.dll
0x00007ffc416a0000 - 0x00007ffc4174b000 	C:\WINDOWS\System32\KERNEL32.DLL
0x00007ffc40cb0000 - 0x00007ffc40ecd000 	C:\WINDOWS\System32\KERNELBASE.dll
0x00007ffc41260000 - 0x00007ffc41302000 	C:\WINDOWS\System32\ADVAPI32.dll
0x00007ffc41380000 - 0x00007ffc4141e000 	C:\WINDOWS\System32\msvcrt.dll
0x00007ffc41060000 - 0x00007ffc410b9000 	C:\WINDOWS\System32\sechost.dll
0x00007ffc40f30000 - 0x00007ffc41051000 	C:\WINDOWS\System32\RPCRT4.dll
0x00007ffc410f0000 - 0x00007ffc41255000 	C:\WINDOWS\System32\USER32.dll
0x00007ffc40940000 - 0x00007ffc4095e000 	C:\WINDOWS\System32\win32u.dll
0x00007ffc417b0000 - 0x00007ffc417e4000 	C:\WINDOWS\System32\GDI32.dll
0x00007ffc40b20000 - 0x00007ffc40ca2000 	C:\WINDOWS\System32\gdi32full.dll
0x00007ffc38fe0000 - 0x00007ffc39259000 	C:\WINDOWS\WinSxS\amd64_microsoft.windows.common-controls_6595b64144ccf1df_6.0.14393.447_none_42191651c6827bb3\COMCTL32.dll
0x00007ffc41990000 - 0x00007ffc41c58000 	C:\WINDOWS\System32\combase.dll
0x00007ffc40960000 - 0x00007ffc40a55000 	C:\WINDOWS\System32\ucrtbase.dll
0x00007ffc40ab0000 - 0x00007ffc40b1a000 	C:\WINDOWS\System32\bcryptPrimitives.dll
0x00007ffc422a0000 - 0x00007ffc422ce000 	C:\WINDOWS\System32\IMM32.DLL
0x0000000061a20000 - 0x0000000061af2000 	D:\jdk8\jre\bin\msvcr100.dll
0x000000005f5c0000 - 0x000000005fe49000 	D:\jdk8\jre\bin\server\jvm.dll
0x00007ffc41310000 - 0x00007ffc41318000 	C:\WINDOWS\System32\PSAPI.DLL
0x00007ffc32920000 - 0x00007ffc32929000 	C:\WINDOWS\SYSTEM32\WSOCK32.dll
0x00007ffc3d2a0000 - 0x00007ffc3d2aa000 	C:\WINDOWS\SYSTEM32\VERSION.dll
0x00007ffc3e1b0000 - 0x00007ffc3e1d3000 	C:\WINDOWS\SYSTEM32\WINMM.dll
0x00007ffc420f0000 - 0x00007ffc4215a000 	C:\WINDOWS\System32\WS2_32.dll
0x0000000000a60000 - 0x0000000000a8b000 	C:\WINDOWS\SYSTEM32\WINMMBASE.dll
0x00007ffc40a60000 - 0x00007ffc40aa2000 	C:\WINDOWS\System32\cfgmgr32.dll
0x0000000061a10000 - 0x0000000061a1f000 	D:\jdk8\jre\bin\verify.dll
0x00000000619e0000 - 0x0000000061a09000 	D:\jdk8\jre\bin\java.dll
0x0000000060bf0000 - 0x0000000060c25000 	D:\jdk8\jre\bin\jdwp.dll
0x0000000061960000 - 0x0000000061968000 	D:\jdk8\jre\bin\npt.dll
0x00000000619c0000 - 0x00000000619d6000 	D:\jdk8\jre\bin\zip.dll
0x00007ffc42440000 - 0x00007ffc43949000 	C:\WINDOWS\System32\SHELL32.dll
0x00007ffc3fe90000 - 0x00007ffc4056a000 	C:\WINDOWS\System32\windows.storage.dll
0x00007ffc3fe10000 - 0x00007ffc3fe5c000 	C:\WINDOWS\System32\powrprof.dll
0x00007ffc41c60000 - 0x00007ffc41cb2000 	C:\WINDOWS\System32\shlwapi.dll
0x00007ffc3fe00000 - 0x00007ffc3fe0f000 	C:\WINDOWS\System32\kernel.appcore.dll
0x00007ffc40890000 - 0x00007ffc40939000 	C:\WINDOWS\System32\shcore.dll
0x00007ffc3fe70000 - 0x00007ffc3fe84000 	C:\WINDOWS\System32\profapi.dll
0x0000000061950000 - 0x0000000061959000 	D:\jdk8\jre\bin\dt_socket.dll
0x00007ffc3f580000 - 0x00007ffc3f5dc000 	C:\WINDOWS\system32\mswsock.dll
0x0000000061970000 - 0x000000006197d000 	D:\jdk8\jre\bin\management.dll
0x00000000619a0000 - 0x00000000619ba000 	D:\jdk8\jre\bin\net.dll
0x00007ffc27d40000 - 0x00007ffc27d56000 	C:\WINDOWS\system32\napinsp.dll
0x00007ffc326e0000 - 0x00007ffc326fa000 	C:\WINDOWS\system32\pnrpnsp.dll
0x00007ffc3c890000 - 0x00007ffc3c8a8000 	C:\WINDOWS\system32\NLAapi.dll
0x00007ffc3f360000 - 0x00007ffc3f400000 	C:\WINDOWS\SYSTEM32\DNSAPI.dll
0x00007ffc422d0000 - 0x00007ffc422d8000 	C:\WINDOWS\System32\NSI.dll
0x00007ffc3f310000 - 0x00007ffc3f348000 	C:\WINDOWS\SYSTEM32\IPHLPAPI.DLL
0x00007ffc30db0000 - 0x00007ffc30dbe000 	C:\WINDOWS\System32\winrnr.dll
0x00007ffc39500000 - 0x00007ffc3950a000 	C:\Windows\System32\rasadhlp.dll
0x00007ffc3b4d0000 - 0x00007ffc3b53a000 	C:\WINDOWS\System32\fwpuclnt.dll
0x00007ffc3fd40000 - 0x00007ffc3fd6b000 	C:\WINDOWS\SYSTEM32\bcrypt.dll
0x0000000061980000 - 0x0000000061991000 	D:\jdk8\jre\bin\nio.dll
0x00007ffc3f880000 - 0x00007ffc3f897000 	C:\WINDOWS\SYSTEM32\CRYPTSP.dll
0x00007ffc3f780000 - 0x00007ffc3f7b3000 	C:\WINDOWS\system32\rsaenh.dll
0x00007ffc3f400000 - 0x00007ffc3f41f000 	C:\WINDOWS\SYSTEM32\USERENV.dll
0x00007ffc3f870000 - 0x00007ffc3f87b000 	C:\WINDOWS\SYSTEM32\CRYPTBASE.dll
0x00007ffc3afe0000 - 0x00007ffc3aff6000 	C:\WINDOWS\SYSTEM32\dhcpcsvc6.DLL
0x00007ffc3c4a0000 - 0x00007ffc3c4ba000 	C:\WINDOWS\SYSTEM32\dhcpcsvc.DLL
0x00007ffc0e400000 - 0x00007ffc102a2000 	D:\IdeaProjects\ImageToText\lib\opencv\x64\opencv_java310.dll
0x00007ffc42160000 - 0x00007ffc42297000 	C:\WINDOWS\System32\ole32.dll
0x00007ffc41420000 - 0x00007ffc414df000 	C:\WINDOWS\System32\OLEAUT32.dll
0x00007ffc3a7f0000 - 0x00007ffc3a810000 	C:\WINDOWS\SYSTEM32\AVIFIL32.dll
0x00007ffc407f0000 - 0x00007ffc4088c000 	C:\WINDOWS\System32\msvcp_win.dll
0x00007ffc3a180000 - 0x00007ffc3a198000 	C:\WINDOWS\SYSTEM32\AVICAP32.dll
0x00007ffc3a600000 - 0x00007ffc3a629000 	C:\WINDOWS\SYSTEM32\MSVFW32.dll
0x00007ffc3a7b0000 - 0x00007ffc3a7cc000 	C:\WINDOWS\SYSTEM32\MSACM32.dll
0x000000005f170000 - 0x000000005f308000 	D:\jdk8\jre\bin\awt.dll
0x00007ffc3e3b0000 - 0x00007ffc3e42a000 	C:\WINDOWS\SYSTEM32\apphelp.dll
0x0000000060bb0000 - 0x0000000060be1000 	D:\jdk8\jre\bin\jpeg.dll
0x0000000064940000 - 0x0000000064955000 	C:\Users\goodbytes\AppData\Local\Temp\javacpp237612330033301\libwinpthread-1.dll
0x0000000061440000 - 0x000000006145c000 	C:\Users\goodbytes\AppData\Local\Temp\javacpp237612330033301\libgcc_s_seh-1.dll
0x000000006fc40000 - 0x000000006fd40000 	C:\Users\goodbytes\AppData\Local\Temp\javacpp237612330033301\libstdc++-6.dll
0x0000000065080000 - 0x000000006509f000 	C:\Users\goodbytes\AppData\Local\Temp\javacpp237612330033301\zlib1.dll
0x0000000067a80000 - 0x0000000067a93000 	C:\Users\goodbytes\AppData\Local\Temp\javacpp237612330033301\libgif-6.dll
0x000000006ad80000 - 0x000000006adf5000 	C:\Users\goodbytes\AppData\Local\Temp\javacpp237612330033301\libjpeg-62.dll
0x0000000068b40000 - 0x0000000068b7e000 	C:\Users\goodbytes\AppData\Local\Temp\javacpp237612330033301\libpng16-16.dll
0x0000000068ec0000 - 0x0000000068f31000 	C:\Users\goodbytes\AppData\Local\Temp\javacpp237612330033301\libtiff-5.dll
0x000000006f540000 - 0x000000006f5a3000 	C:\Users\goodbytes\AppData\Local\Temp\javacpp237612330033301\libwebp-5.dll
0x0000000071140000 - 0x000000007132f000 	C:\Users\goodbytes\AppData\Local\Temp\javacpp237612330033301\liblept-4.dll
0x000000006e240000 - 0x000000006e51a000 	C:\Users\goodbytes\AppData\Local\Temp\javacpp237612330033301\jnilept.dll
0x0000000023d00000 - 0x0000000024255000 	C:\Users\goodbytes\AppData\Local\Temp\javacpp237612330033301\libtesseract-3.dll
0x0000000070280000 - 0x00000000702fe000 	C:\Users\goodbytes\AppData\Local\Temp\javacpp237612330033301\jnitesseract.dll
0x00007ffc3c130000 - 0x00007ffc3c2c2000 	C:\WINDOWS\SYSTEM32\dbghelp.dll

VM Arguments:
jvm_args: -agentlib:jdwp=transport=dt_socket,server=n,suspend=y,address=53627 -Dfile.encoding=windows-1252 -Duser.country=US -Duser.language=en -Duser.variant 
java_command: com.ocr.ImageToTextApplication
java_class_path (initial): D:\IdeaProjects\ImageToText\build\classes\main;D:\IdeaProjects\ImageToText\build\resources\main;D:\IdeaProjects\ImageToText\lib\opencv\opencv-310.jar;D:\IdeaProjects\ImageToText\lib\opencv\x64\opencv_java310.dll;D:\IdeaProjects\ImageToText\lib\opencv\x86\opencv_java310.dll;C:\Users\goodbytes\.gradle\caches\modules-2\files-2.1\org.springframework.boot\spring-boot-starter-web\2.0.0.BUILD-SNAPSHOT\35831b43853c54fcb70c88678ecf4c1f7a2f16ef\spring-boot-starter-web-2.0.0.BUILD-SNAPSHOT.jar;C:\Users\goodbytes\.gradle\caches\modules-2\files-2.1\org.bytedeco.javacpp-presets\tesseract\3.03-rc1-0.11\285de60947ecdb02123f800bcaa931465b8f6ec0\tesseract-3.03-rc1-0.11.jar;C:\Users\goodbytes\.gradle\caches\modules-2\files-2.1\org.bytedeco.javacpp-presets\tesseract\3.03-rc1-0.11\c5da612330d861f3a71b19e789a088a9448d382b\tesseract-3.03-rc1-0.11-windows-x86_64.jar;C:\Users\goodbytes\.gradle\caches\modules-2\files-2.1\org.bytedeco.javacpp-presets\leptonica\1.71-0.11\34fd01459d6d0e127e0987d97616aa46dc13db8c\leptonica-1.71-0.11-windows-x86_64.jar;C:\Users\goodbytes\.gradle\caches\modules-2\files-2.1\org.springframework.boot\spring-boot-starter\2.0.0.BUILD-SNAPSHOT\4c8a781449856a1248d184347e31f1616046edd0\spring-boot-starter-2.0.0.BUILD-SNAPSHOT.jar;C:\Users\goodbytes\.gradle\caches\modules-2\files-2.1\org.springframework.boot\spring-boot-starter-tomcat\2.0.0.BUILD-SNAPSHOT\47a32b719af368caca504971509bbffad48e7773\spring-boot-starter-tomcat-2.0.0.BUILD-SNAPSHOT.jar;C:\Users\goodbytes\.gradle\caches\modules-2\files-2.1\org.hibernate\hibernate-validator\5.2.4.Final\fb18766b576aa6632bcfe9a20a023cbd52bf9769\hibernate-validator-5.2.4.Final.jar;C:\Users\goodbytes\.gradle\caches\modules-2\files-2.1\com.fasterxml.jackson.core\jackson-databind\2.8.4\1c36c81e79cacdf48116afba8495e3393d267ba1\jackson-databind-2.8.4.jar;C:\Users\goodbytes\.gradle\caches\modules-2\files-2.1\org.springframework\spring-web\5.0.0.BUILD-SNAPSHOT\1d15e31e6878ae4aaa6c25b780a9b68eb7863b65\spring-web-
Launcher Type: SUN_STANDARD

Environment Variables:
JAVA_HOME=D:\jdk8
USERNAME=goodbytes
OS=Windows_NT
PROCESSOR_IDENTIFIER=Intel64 Family 6 Model 58 Stepping 9, GenuineIntel



---------------  S Y S T E M  ---------------

OS: Windows 10.0 , 64 bit Build 14393 (10.0.14393.0)

CPU:total 8 (4 cores per cpu, 2 threads per core) family 6 model 58 stepping 9, cmov, cx8, fxsr, mmx, sse, sse2, sse3, ssse3, sse4.1, sse4.2, popcnt, avx, aes, clmul, erms, ht, tsc, tscinvbit, tscinv

Memory: 4k page, physical 8272792k(4245132k free), swap 16661400k(10804996k free)

vm_info: Java HotSpot(TM) 64-Bit Server VM (25.65-b01) for windows-amd64 JRE (1.8.0_65-b17), built on Oct  6 2015 16:39:20 by "java_re" with MS VC++ 10.0 (VS2010)

time: Sun Dec 18 18:37:38 2016
elapsed time: 16 seconds (0d 0h 0m 16s)

